Logged in as MemersMarkov (ID:408587496033878017) | Connected to 2 servers | Connected to 78 users
--------
Current Discord.py Version: 0.16.8 | Current Python Version: 3.6.3
--------
Use this link to invite MemersMarkov:
https://discordapp.com/oauth2/authorize?client_id=408587496033878017&scope=bot&permissions=8
--------
Support Discord Server: https://discord.gg/FNNNgqb
Github Link: https://github.com/Habchy/BasicBot
--------
You are running BasicBot v2.1
Created by Habchy#1665
Ignoring exception in command None
discord.ext.commands.errors.CommandNotFound: Command "<@297359201355956234>" is not found
Logged in as MemersMarkov (ID:408587496033878017) | Connected to 2 servers | Connected to 78 users
--------
Current Discord.py Version: 0.16.8 | Current Python Version: 3.6.3
--------
Use this link to invite MemersMarkov:
https://discordapp.com/oauth2/authorize?client_id=408587496033878017&scope=bot&permissions=8
--------
Support Discord Server: https://discord.gg/FNNNgqb
Github Link: https://github.com/Habchy/BasicBot
--------
You are running BasicBot v2.1
Created by Habchy#1665
Logged in as MemersMarkov (ID:408587496033878017) | Connected to 2 servers | Connected to 78 users
--------
Current Discord.py Version: 0.16.8 | Current Python Version: 3.6.3
--------
Use this link to invite MemersMarkov:
https://discordapp.com/oauth2/authorize?client_id=408587496033878017&scope=bot&permissions=8
--------
Support Discord Server: https://discord.gg/FNNNgqb
Github Link: https://github.com/Habchy/BasicBot
--------
You are running BasicBot v2.1
Created by Habchy#1665
Ignoring exception in command None
discord.ext.commands.errors.CommandNotFound: Command "mklist" is not found
Ignoring exception in command None
discord.ext.commands.errors.CommandNotFound: Command "Um" is not found
Logged in as MemersMarkov (ID:408587496033878017) | Connected to 2 servers | Connected to 78 users
--------
Current Discord.py Version: 0.16.8 | Current Python Version: 3.6.3
--------
Use this link to invite MemersMarkov:
https://discordapp.com/oauth2/authorize?client_id=408587496033878017&scope=bot&permissions=8
--------
Support Discord Server: https://discord.gg/FNNNgqb
Github Link: https://github.com/Habchy/BasicBot
--------
You are running BasicBot v2.1
Created by Habchy#1665
Logged in as MemersMarkov (ID:408587496033878017) | Connected to 2 servers | Connected to 78 users
--------
Current Discord.py Version: 0.16.8 | Current Python Version: 3.6.3
--------
Use this link to invite MemersMarkov:
https://discordapp.com/oauth2/authorize?client_id=408587496033878017&scope=bot&permissions=8
--------
Support Discord Server: https://discord.gg/FNNNgqb
Github Link: https://github.com/Habchy/BasicBot
--------
You are running BasicBot v2.1
Created by Habchy#1665
Ignoring exception in command None
discord.ext.commands.errors.CommandNotFound: Command "Ecks" is not found
Ignoring exception in command None
discord.ext.commands.errors.CommandNotFound: Command "—ship" is not found
Ignoring exception in command None
discord.ext.commands.errors.CommandNotFound: Command "💗" is not found
Ignoring exception in command None
discord.ext.commands.errors.CommandNotFound: Command "uh" is not found
Logged in as MemersMarkov (ID:408587496033878017) | Connected to 2 servers | Connected to 78 users
--------
Current Discord.py Version: 0.16.8 | Current Python Version: 3.6.3
--------
Use this link to invite MemersMarkov:
https://discordapp.com/oauth2/authorize?client_id=408587496033878017&scope=bot&permissions=8
--------
Support Discord Server: https://discord.gg/FNNNgqb
Github Link: https://github.com/Habchy/BasicBot
--------
You are running BasicBot v2.1
Created by Habchy#1665
Logged in as MemersMarkov (ID:408587496033878017) | Connected to 2 servers | Connected to 78 users
--------
Current Discord.py Version: 0.16.8 | Current Python Version: 3.6.3
--------
Use this link to invite MemersMarkov:
https://discordapp.com/oauth2/authorize?client_id=408587496033878017&scope=bot&permissions=8
--------
Support Discord Server: https://discord.gg/FNNNgqb
Github Link: https://github.com/Habchy/BasicBot
--------
You are running BasicBot v2.1
Created by Habchy#1665
Logged in as MemersMarkov (ID:408587496033878017) | Connected to 2 servers | Connected to 78 users
--------
Current Discord.py Version: 0.16.8 | Current Python Version: 3.6.3
--------
Use this link to invite MemersMarkov:
https://discordapp.com/oauth2/authorize?client_id=408587496033878017&scope=bot&permissions=8
--------
Support Discord Server: https://discord.gg/FNNNgqb
Github Link: https://github.com/Habchy/BasicBot
--------
You are running BasicBot v2.1
Created by Habchy#1665
Ignoring exception in command None
discord.ext.commands.errors.CommandNotFound: Command "rmk" is not found
Ignoring exception in command None
discord.ext.commands.errors.CommandNotFound: Command "**Coizioc**:" is not found
Ignoring exception in command None
discord.ext.commands.errors.CommandNotFound: Command "rmk" is not found
Ignoring exception in command None
discord.ext.commands.errors.CommandNotFound: Command "**Coizioc**:" is not found
Ignoring exception in command None
discord.ext.commands.errors.CommandNotFound: Command "rmk" is not found
Ignoring exception in command None
discord.ext.commands.errors.CommandNotFound: Command "**Coizioc**:" is not found
Ignoring exception in command None
discord.ext.commands.errors.CommandNotFound: Command "rmk" is not found
Ignoring exception in command None
discord.ext.commands.errors.CommandNotFound: Command "**Coizioc**:" is not found
Ignoring exception in command None
discord.ext.commands.errors.CommandNotFound: Command "rmk" is not found
Ignoring exception in command None
discord.ext.commands.errors.CommandNotFound: Command "**Coizioc**:" is not found
Ignoring exception in command None
discord.ext.commands.errors.CommandNotFound: Command "rmk" is not found
Ignoring exception in command None
discord.ext.commands.errors.CommandNotFound: Command "**MemersMarkov**:" is not found
Ignoring exception in command None
discord.ext.commands.errors.CommandNotFound: Command "rmk" is not found
Ignoring exception in command None
discord.ext.commands.errors.CommandNotFound: Command "**MemersMarkov**:" is not found
Ignoring exception in command None
discord.ext.commands.errors.CommandNotFound: Command "rmk" is not found
Ignoring exception in command None
discord.ext.commands.errors.CommandNotFound: Command "**Coizioc**:" is not found
Ignoring exception in command None
discord.ext.commands.errors.CommandNotFound: Command "rmk" is not found
Ignoring exception in command None
discord.ext.commands.errors.CommandNotFound: Command "**Lewney**:" is not found
Ignoring exception in command None
discord.ext.commands.errors.CommandNotFound: Command "rmk" is not found
Ignoring exception in command None
discord.ext.commands.errors.CommandNotFound: Command "**Lewney**:" is not found
Ignoring exception in command None
discord.ext.commands.errors.CommandNotFound: Command "rmk" is not found
Ignoring exception in command None
discord.ext.commands.errors.CommandNotFound: Command "**Memers**:" is not found
Logged in as MemersMarkov (ID:408587496033878017) | Connected to 2 servers | Connected to 78 users
--------
Current Discord.py Version: 0.16.8 | Current Python Version: 3.6.3
--------
Use this link to invite MemersMarkov:
https://discordapp.com/oauth2/authorize?client_id=408587496033878017&scope=bot&permissions=8
--------
Support Discord Server: https://discord.gg/FNNNgqb
Github Link: https://github.com/Habchy/BasicBot
--------
You are running BasicBot v2.1
Created by Habchy#1665
Ignoring exception in command None
discord.ext.commands.errors.CommandNotFound: Command "rmk" is not found
Ignoring exception in command None
discord.ext.commands.errors.CommandNotFound: Command "**MemersMarkov**:" is not found
Ignoring exception in command None
discord.ext.commands.errors.CommandNotFound: Command "rmk" is not found
Ignoring exception in command None
discord.ext.commands.errors.CommandNotFound: Command "**MemersMarkov**:" is not found
Ignoring exception in command None
discord.ext.commands.errors.CommandNotFound: Command "rmk" is not found
Ignoring exception in command None
discord.ext.commands.errors.CommandNotFound: Command "**Coizioc**:" is not found
Ignoring exception in command None
discord.ext.commands.errors.CommandNotFound: Command "rmk" is not found
Ignoring exception in command None
discord.ext.commands.errors.CommandNotFound: Command "**Coizioc**:" is not found
Ignoring exception in command None
discord.ext.commands.errors.CommandNotFound: Command "rmk" is not found
Ignoring exception in command None
discord.ext.commands.errors.CommandNotFound: Command "**Coizioc**:" is not found
Ignoring exception in command None
discord.ext.commands.errors.CommandNotFound: Command "rmk" is not found
Ignoring exception in command None
discord.ext.commands.errors.CommandNotFound: Command "**Coizioc**:" is not found
Ignoring exception in command None
discord.ext.commands.errors.CommandNotFound: Command "rmk" is not found
Ignoring exception in command None
discord.ext.commands.errors.CommandNotFound: Command "**Raxi**:" is not found
Ignoring exception in command None
discord.ext.commands.errors.CommandNotFound: Command "rmk" is not found
Ignoring exception in command None
discord.ext.commands.errors.CommandNotFound: Command "**Memers**:" is not found
Ignoring exception in command None
discord.ext.commands.errors.CommandNotFound: Command "rmk" is not found
Ignoring exception in command None
discord.ext.commands.errors.CommandNotFound: Command "**Memers**:" is not found
Logged in as MemersMarkov (ID:408587496033878017) | Connected to 2 servers | Connected to 78 users
--------
Current Discord.py Version: 0.16.8 | Current Python Version: 3.6.3
--------
Use this link to invite MemersMarkov:
https://discordapp.com/oauth2/authorize?client_id=408587496033878017&scope=bot&permissions=8
--------
Support Discord Server: https://discord.gg/FNNNgqb
Github Link: https://github.com/Habchy/BasicBot
--------
You are running BasicBot v2.1
Created by Habchy#1665
Logged in as MemersMarkov (ID:408587496033878017) | Connected to 2 servers | Connected to 78 users
--------
Current Discord.py Version: 0.16.8 | Current Python Version: 3.6.3
--------
Use this link to invite MemersMarkov:
https://discordapp.com/oauth2/authorize?client_id=408587496033878017&scope=bot&permissions=8
--------
Support Discord Server: https://discord.gg/FNNNgqb
Github Link: https://github.com/Habchy/BasicBot
--------
You are running BasicBot v2.1
Created by Habchy#1665
Logged in as MemersMarkov (ID:408587496033878017) | Connected to 2 servers | Connected to 78 users
--------
Current Discord.py Version: 0.16.8 | Current Python Version: 3.6.3
--------
Use this link to invite MemersMarkov:
https://discordapp.com/oauth2/authorize?client_id=408587496033878017&scope=bot&permissions=8
--------
Support Discord Server: https://discord.gg/FNNNgqb
Github Link: https://github.com/Habchy/BasicBot
--------
You are running BasicBot v2.1
Created by Habchy#1665
Logged in as MemersMarkov (ID:408587496033878017) | Connected to 2 servers | Connected to 78 users
--------
Current Discord.py Version: 0.16.8 | Current Python Version: 3.6.3
--------
Use this link to invite MemersMarkov:
https://discordapp.com/oauth2/authorize?client_id=408587496033878017&scope=bot&permissions=8
--------
Support Discord Server: https://discord.gg/FNNNgqb
Github Link: https://github.com/Habchy/BasicBot
--------
You are running BasicBot v2.1
Created by Habchy#1665
Logged in as MemersMarkov (ID:408587496033878017) | Connected to 2 servers | Connected to 78 users
--------
Current Discord.py Version: 0.16.8 | Current Python Version: 3.6.3
--------
Use this link to invite MemersMarkov:
https://discordapp.com/oauth2/authorize?client_id=408587496033878017&scope=bot&permissions=8
--------
Support Discord Server: https://discord.gg/FNNNgqb
Github Link: https://github.com/Habchy/BasicBot
--------
You are running BasicBot v2.1
Created by Habchy#1665
Logged in as MemersMarkov (ID:408587496033878017) | Connected to 2 servers | Connected to 78 users
--------
Current Discord.py Version: 0.16.8 | Current Python Version: 3.6.3
--------
Use this link to invite MemersMarkov:
https://discordapp.com/oauth2/authorize?client_id=408587496033878017&scope=bot&permissions=8
--------
Support Discord Server: https://discord.gg/FNNNgqb
Github Link: https://github.com/Habchy/BasicBot
--------
You are running BasicBot v2.1
Created by Habchy#1665
Logged in as MemersMarkov (ID:408587496033878017) | Connected to 2 servers | Connected to 78 users
--------
Current Discord.py Version: 0.16.8 | Current Python Version: 3.6.3
--------
Use this link to invite MemersMarkov:
https://discordapp.com/oauth2/authorize?client_id=408587496033878017&scope=bot&permissions=8
--------
Support Discord Server: https://discord.gg/FNNNgqb
Github Link: https://github.com/Habchy/BasicBot
--------
You are running BasicBot v2.1
Created by Habchy#1665
Logged in as MemersMarkov (ID:408587496033878017) | Connected to 2 servers | Connected to 78 users
--------
Current Discord.py Version: 0.16.8 | Current Python Version: 3.6.3
--------
Use this link to invite MemersMarkov:
https://discordapp.com/oauth2/authorize?client_id=408587496033878017&scope=bot&permissions=8
--------
Support Discord Server: https://discord.gg/FNNNgqb
Github Link: https://github.com/Habchy/BasicBot
--------
You are running BasicBot v2.1
Created by Habchy#1665
Ignoring exception in command None
discord.ext.commands.errors.CommandNotFound: Command "o" is not found
Ignoring exception in command None
discord.ext.commands.errors.CommandNotFound: Command "All" is not found
Ignoring exception in command None
discord.ext.commands.errors.CommandNotFound: Command "ping" is not found
Ignoring exception in command None
discord.ext.commands.errors.CommandNotFound: Command "pinz" is not found
Ignoring exception in command None
discord.ext.commands.errors.CommandNotFound: Command "Nice" is not found
Ignoring exception in command None
discord.ext.commands.errors.CommandNotFound: Command "ping" is not found
Ignoring exception in command None
discord.ext.commands.errors.CommandNotFound: Command "!!!" is not found
Ignoring exception in command None
discord.ext.commands.errors.CommandNotFound: Command "lrn" is not found
Logged in as MemersMarkov (ID:408587496033878017) | Connected to 2 servers | Connected to 4 users
--------
Current Discord.py Version: 0.16.8 | Current Python Version: 3.6.3
--------
Use this link to invite MemersMarkov:
https://discordapp.com/oauth2/authorize?client_id=408587496033878017&scope=bot&permissions=8
--------
Support Discord Server: https://discord.gg/FNNNgqb
Github Link: https://github.com/Habchy/BasicBot
--------
You are running BasicBot v2.1
Created by Habchy#1665
Ignoring exception in command None
discord.ext.commands.errors.CommandNotFound: Command "🙏" is not found
Ignoring exception in command None
discord.ext.commands.errors.CommandNotFound: Command "OwO" is not found
Ignoring exception in command None
discord.ext.commands.errors.CommandNotFound: Command "<:NaiveLUL:404743080969764864>" is not found
Ignoring exception in command None
discord.ext.commands.errors.CommandNotFound: Command "<:NomegaLUL:405481473647443968>" is not found
Ignoring exception in command None
discord.ext.commands.errors.CommandNotFound: Command "Get" is not found
Ignoring exception in command None
discord.ext.commands.errors.CommandNotFound: Command "Corp" is not found
Ignoring exception in command None
discord.ext.commands.errors.CommandNotFound: Command "Baa" is not found
Ignoring exception in command None
discord.ext.commands.errors.CommandNotFound: Command "damn" is not found
Ignoring exception in command None
discord.ext.commands.errors.CommandNotFound: Command "<:chofl:407538895203598347>" is not found
Ignoring exception in command None
discord.ext.commands.errors.CommandNotFound: Command "Typical" is not found
Ignoring exception in command None
discord.ext.commands.errors.CommandNotFound: Command "<:toxic:406125380349591552>" is not found
Ignoring exception in command None
discord.ext.commands.errors.CommandNotFound: Command "Wtf?" is not found
Ignoring exception in command None
discord.ext.commands.errors.CommandNotFound: Command "<:gay:391712033009303564>" is not found
Ignoring exception in command None
discord.ext.commands.errors.CommandNotFound: Command "🏳️‍🌈" is not found
Ignoring exception in command None
discord.ext.commands.errors.CommandNotFound: Command "Ur" is not found
Ignoring exception in command None
discord.ext.commands.errors.CommandNotFound: Command "Ok" is not found
Ignoring exception in command None
discord.ext.commands.errors.CommandNotFound: Command "Kek" is not found
Ignoring exception in command None
discord.ext.commands.errors.CommandNotFound: Command "Cause" is not found
Ignoring exception in command None
discord.ext.commands.errors.CommandNotFound: Command "Never" is not found
Logged in as MemersMarkov (ID:408587496033878017) | Connected to 2 servers | Connected to 78 users
--------
Current Discord.py Version: 0.16.8 | Current Python Version: 3.6.3
--------
Use this link to invite MemersMarkov:
https://discordapp.com/oauth2/authorize?client_id=408587496033878017&scope=bot&permissions=8
--------
Support Discord Server: https://discord.gg/FNNNgqb
Github Link: https://github.com/Habchy/BasicBot
--------
You are running BasicBot v2.1
Created by Habchy#1665
Ignoring exception in command None
discord.ext.commands.errors.CommandNotFound: Command "Ffs" is not found
Ignoring exception in command None
discord.ext.commands.errors.CommandNotFound: Command "OwO" is not found
Ignoring exception in command None
discord.ext.commands.errors.CommandNotFound: Command "<:NaiveLUL:404743080969764864>" is not found
Ignoring exception in command mk
Traceback (most recent call last):
  File "/home/austin/.local/lib/python3.6/site-packages/discord/ext/commands/core.py", line 50, in wrapped
    ret = yield from coro(*args, **kwargs)
  File "/home/austin/Documents/MemersMarkov/MemersMarkov.py", line 105, in mk
    await client.change_nickname(bot_self, out[1])
  File "/home/austin/.local/lib/python3.6/site-packages/discord/client.py", line 1964, in change_nickname
    yield from self.http.change_my_nickname(member.server.id, nickname)
  File "/home/austin/.local/lib/python3.6/site-packages/discord/http.py", line 200, in request
    raise HTTPException(r, data)
discord.errors.HTTPException: BAD REQUEST (status code: 400)

The above exception was the direct cause of the following exception:

Traceback (most recent call last):
  File "/home/austin/.local/lib/python3.6/site-packages/discord/ext/commands/bot.py", line 846, in process_commands
    yield from command.invoke(ctx)
  File "/home/austin/.local/lib/python3.6/site-packages/discord/ext/commands/core.py", line 374, in invoke
    yield from injected(*ctx.args, **ctx.kwargs)
  File "/home/austin/.local/lib/python3.6/site-packages/discord/ext/commands/core.py", line 54, in wrapped
    raise CommandInvokeError(e) from e
discord.ext.commands.errors.CommandInvokeError: Command raised an exception: HTTPException: BAD REQUEST (status code: 400)
Ignoring exception in command None
discord.ext.commands.errors.CommandNotFound: Command "🅱ot" is not found
Ignoring exception in command mk
Traceback (most recent call last):
  File "/home/austin/.local/lib/python3.6/site-packages/discord/ext/commands/core.py", line 50, in wrapped
    ret = yield from coro(*args, **kwargs)
  File "/home/austin/Documents/MemersMarkov/MemersMarkov.py", line 105, in mk
    await client.change_nickname(bot_self, out[1])
  File "/home/austin/.local/lib/python3.6/site-packages/discord/client.py", line 1964, in change_nickname
    yield from self.http.change_my_nickname(member.server.id, nickname)
  File "/home/austin/.local/lib/python3.6/site-packages/discord/http.py", line 200, in request
    raise HTTPException(r, data)
discord.errors.HTTPException: BAD REQUEST (status code: 400)

The above exception was the direct cause of the following exception:

Traceback (most recent call last):
  File "/home/austin/.local/lib/python3.6/site-packages/discord/ext/commands/bot.py", line 846, in process_commands
    yield from command.invoke(ctx)
  File "/home/austin/.local/lib/python3.6/site-packages/discord/ext/commands/core.py", line 374, in invoke
    yield from injected(*ctx.args, **ctx.kwargs)
  File "/home/austin/.local/lib/python3.6/site-packages/discord/ext/commands/core.py", line 54, in wrapped
    raise CommandInvokeError(e) from e
discord.ext.commands.errors.CommandInvokeError: Command raised an exception: HTTPException: BAD REQUEST (status code: 400)
Ignoring exception in command None
discord.ext.commands.errors.CommandNotFound: Command "." is not found
Ignoring exception in command mk
Traceback (most recent call last):
  File "/home/austin/.local/lib/python3.6/site-packages/discord/ext/commands/core.py", line 50, in wrapped
    ret = yield from coro(*args, **kwargs)
  File "/home/austin/Documents/MemersMarkov/MemersMarkov.py", line 105, in mk
    await client.change_nickname(bot_self, out[1])
  File "/home/austin/.local/lib/python3.6/site-packages/discord/client.py", line 1964, in change_nickname
    yield from self.http.change_my_nickname(member.server.id, nickname)
  File "/home/austin/.local/lib/python3.6/site-packages/discord/http.py", line 200, in request
    raise HTTPException(r, data)
discord.errors.HTTPException: BAD REQUEST (status code: 400)

The above exception was the direct cause of the following exception:

Traceback (most recent call last):
  File "/home/austin/.local/lib/python3.6/site-packages/discord/ext/commands/bot.py", line 846, in process_commands
    yield from command.invoke(ctx)
  File "/home/austin/.local/lib/python3.6/site-packages/discord/ext/commands/core.py", line 374, in invoke
    yield from injected(*ctx.args, **ctx.kwargs)
  File "/home/austin/.local/lib/python3.6/site-packages/discord/ext/commands/core.py", line 54, in wrapped
    raise CommandInvokeError(e) from e
discord.ext.commands.errors.CommandInvokeError: Command raised an exception: HTTPException: BAD REQUEST (status code: 400)
Ignoring exception in command None
discord.ext.commands.errors.CommandNotFound: Command "Hm" is not found
Ignoring exception in command None
discord.ext.commands.errors.CommandNotFound: Command "Lol" is not found
Ignoring exception in command None
discord.ext.commands.errors.CommandNotFound: Command "xd" is not found
Ignoring exception in command None
discord.ext.commands.errors.CommandNotFound: Command "Wtf" is not found
Ignoring exception in command None
discord.ext.commands.errors.CommandNotFound: Command "<:daddyplant:398593869387661313>" is not found
Ignoring exception in command None
discord.ext.commands.errors.CommandNotFound: Command "Racist" is not found
Ignoring exception in command None
discord.ext.commands.errors.CommandNotFound: Command "<:zoop:404059494121734144>" is not found
Ignoring exception in command None
discord.ext.commands.errors.CommandNotFound: Command "Ree" is not found
Ignoring exception in command None
discord.ext.commands.errors.CommandNotFound: Command "💯" is not found
Ignoring exception in command None
discord.ext.commands.errors.CommandNotFound: Command "rmk" is not found
Ignoring exception in command None
discord.ext.commands.errors.CommandNotFound: Command "Gay" is not found
Ignoring exception in command None
discord.ext.commands.errors.CommandNotFound: Command "ain't" is not found
Ignoring exception in command None
discord.ext.commands.errors.CommandNotFound: Command "gaster" is not found
Ignoring exception in command None
discord.ext.commands.errors.CommandNotFound: Command "MOM" is not found
Ignoring exception in command None
discord.ext.commands.errors.CommandNotFound: Command "girl" is not found
Ignoring exception in command None
discord.ext.commands.errors.CommandNotFound: Command "gay" is not found
Ignoring exception in command None
discord.ext.commands.errors.CommandNotFound: Command "Join" is not found
Ignoring exception in command None
discord.ext.commands.errors.CommandNotFound: Command "🐕" is not found
Ignoring exception in command None
discord.ext.commands.errors.CommandNotFound: Command "Whomst" is not found
Ignoring exception in command None
discord.ext.commands.errors.CommandNotFound: Command ":scheprage:" is not found
Ignoring exception in command None
discord.ext.commands.errors.CommandNotFound: Command "Gerben" is not found
Logged in as MemersMarkov (ID:408587496033878017) | Connected to 2 servers | Connected to 78 users
--------
Current Discord.py Version: 0.16.8 | Current Python Version: 3.6.3
--------
Use this link to invite MemersMarkov:
https://discordapp.com/oauth2/authorize?client_id=408587496033878017&scope=bot&permissions=8
--------
Support Discord Server: https://discord.gg/FNNNgqb
Github Link: https://github.com/Habchy/BasicBot
--------
You are running BasicBot v2.1
Created by Habchy#1665
Ignoring exception in command None
discord.ext.commands.errors.CommandNotFound: Command "wuck" is not found
Ignoring exception in command None
discord.ext.commands.errors.CommandNotFound: Command "wuck" is not found
Ignoring exception in command None
discord.ext.commands.errors.CommandNotFound: Command "!pvm" is not found
Logged in as MemersMarkov (ID:408587496033878017) | Connected to 2 servers | Connected to 78 users
--------
Current Discord.py Version: 0.16.8 | Current Python Version: 3.6.3
--------
Use this link to invite MemersMarkov:
https://discordapp.com/oauth2/authorize?client_id=408587496033878017&scope=bot&permissions=8
--------
Support Discord Server: https://discord.gg/FNNNgqb
Github Link: https://github.com/Habchy/BasicBot
--------
You are running BasicBot v2.1
Created by Habchy#1665
Ignoring exception in command None
discord.ext.commands.errors.CommandNotFound: Command "!gainz" is not found
Ignoring exception in command None
discord.ext.commands.errors.CommandNotFound: Command "```" is not found
Ignoring exception in command None
discord.ext.commands.errors.CommandNotFound: Command "that" is not found
Logged in as MemersMarkov (ID:408587496033878017) | Connected to 2 servers | Connected to 78 users
--------
Current Discord.py Version: 0.16.8 | Current Python Version: 3.6.3
--------
Use this link to invite MemersMarkov:
https://discordapp.com/oauth2/authorize?client_id=408587496033878017&scope=bot&permissions=8
--------
Support Discord Server: https://discord.gg/FNNNgqb
Github Link: https://github.com/Habchy/BasicBot
--------
You are running BasicBot v2.1
Created by Habchy#1665
Ignoring exception in command None
discord.ext.commands.errors.CommandNotFound: Command "wuck" is not found
Ignoring exception in command None
discord.ext.commands.errors.CommandNotFound: Command "wuck" is not found
Logged in as MemersMarkov (ID:408587496033878017) | Connected to 2 servers | Connected to 78 users
--------
Current Discord.py Version: 0.16.8 | Current Python Version: 3.6.3
--------
Use this link to invite MemersMarkov:
https://discordapp.com/oauth2/authorize?client_id=408587496033878017&scope=bot&permissions=8
--------
Support Discord Server: https://discord.gg/FNNNgqb
Github Link: https://github.com/Habchy/BasicBot
--------
You are running BasicBot v2.1
Created by Habchy#1665
Ignoring exception in command None
discord.ext.commands.errors.CommandNotFound: Command "," is not found
Ignoring exception in command None
discord.ext.commands.errors.CommandNotFound: Command "rmk" is not found
Ignoring exception in command None
discord.ext.commands.errors.CommandNotFound: Command "ello?" is not found
Logged in as MemersMarkov (ID:408587496033878017) | Connected to 2 servers | Connected to 78 users
--------
Current Discord.py Version: 0.16.8 | Current Python Version: 3.6.3
--------
Use this link to invite MemersMarkov:
https://discordapp.com/oauth2/authorize?client_id=408587496033878017&scope=bot&permissions=8
--------
Support Discord Server: https://discord.gg/FNNNgqb
Github Link: https://github.com/Habchy/BasicBot
--------
You are running BasicBot v2.1
Created by Habchy#1665
Ignoring exception in command None
discord.ext.commands.errors.CommandNotFound: Command "rmk's" is not found
Ignoring exception in command None
discord.ext.commands.errors.CommandNotFound: Command "why" is not found
Ignoring exception in command None
discord.ext.commands.errors.CommandNotFound: Command "forgot" is not found
Ignoring exception in command None
discord.ext.commands.errors.CommandNotFound: Command "too" is not found
Ignoring exception in command None
discord.ext.commands.errors.CommandNotFound: Command "also" is not found
Ignoring exception in command None
discord.ext.commands.errors.CommandNotFound: Command "like" is not found
Logged in as MemersMarkov (ID:408587496033878017) | Connected to 2 servers | Connected to 78 users
--------
Current Discord.py Version: 0.16.8 | Current Python Version: 3.6.3
--------
Use this link to invite MemersMarkov:
https://discordapp.com/oauth2/authorize?client_id=408587496033878017&scope=bot&permissions=8
--------
Support Discord Server: https://discord.gg/FNNNgqb
Github Link: https://github.com/Habchy/BasicBot
--------
You are running BasicBot v2.1
Created by Habchy#1665
Ignoring exception in command None
discord.ext.commands.errors.CommandNotFound: Command "We" is not found
Ignoring exception in command None
discord.ext.commands.errors.CommandNotFound: Command "that" is not found
Ignoring exception in command None
discord.ext.commands.errors.CommandNotFound: Command "It'll" is not found
Ignoring exception in command None
discord.ext.commands.errors.CommandNotFound: Command "😡" is not found
Ignoring exception in command None
discord.ext.commands.errors.CommandNotFound: Command ":mk" is not found
Ignoring exception in command None
discord.ext.commands.errors.CommandNotFound: Command "STFU" is not found
Logged in as MemersMarkov (ID:408587496033878017) | Connected to 2 servers | Connected to 78 users
--------
Current Discord.py Version: 0.16.8 | Current Python Version: 3.6.3
--------
Use this link to invite MemersMarkov:
https://discordapp.com/oauth2/authorize?client_id=408587496033878017&scope=bot&permissions=8
--------
Support Discord Server: https://discord.gg/FNNNgqb
Github Link: https://github.com/Habchy/BasicBot
--------
You are running BasicBot v2.1
Created by Habchy#1665
Ignoring exception in command None
discord.ext.commands.errors.CommandNotFound: Command "wanna" is not found
Ignoring exception in command None
discord.ext.commands.errors.CommandNotFound: Command "ye" is not found
Ignoring exception in command None
discord.ext.commands.errors.CommandNotFound: Command "owoowowwowo" is not found
Logged in as MemersMarkov (ID:408587496033878017) | Connected to 2 servers | Connected to 78 users
--------
Current Discord.py Version: 0.16.8 | Current Python Version: 3.6.3
--------
Use this link to invite MemersMarkov:
https://discordapp.com/oauth2/authorize?client_id=408587496033878017&scope=bot&permissions=8
--------
Support Discord Server: https://discord.gg/FNNNgqb
Github Link: https://github.com/Habchy/BasicBot
--------
You are running BasicBot v2.1
Created by Habchy#1665
Ignoring exception in command None
discord.ext.commands.errors.CommandNotFound: Command "rmk" is not found
Ignoring exception in command None
discord.ext.commands.errors.CommandNotFound: Command "idk" is not found
Ignoring exception in command None
discord.ext.commands.errors.CommandNotFound: Command "rmk" is not found
Ignoring exception in command None
discord.ext.commands.errors.CommandNotFound: Command "**Raxi**:" is not found
Ignoring exception in command None
discord.ext.commands.errors.CommandNotFound: Command "rrmk" is not found
Ignoring exception in command None
discord.ext.commands.errors.CommandNotFound: Command "**Raxi**:" is not found
Ignoring exception in command None
discord.ext.commands.errors.CommandNotFound: Command "rmk" is not found
Ignoring exception in command None
discord.ext.commands.errors.CommandNotFound: Command "rrmk" is not found
Ignoring exception in command None
discord.ext.commands.errors.CommandNotFound: Command "**Raxi**:" is not found
Ignoring exception in command None
discord.ext.commands.errors.CommandNotFound: Command "**Raxi**:" is not found
Ignoring exception in command None
discord.ext.commands.errors.CommandNotFound: Command "rmk" is not found
Ignoring exception in command None
discord.ext.commands.errors.CommandNotFound: Command "<:GWcorbinMonkaGIGA:384871327292588054>" is not found
Ignoring exception in command None
discord.ext.commands.errors.CommandNotFound: Command "rmk" is not found
Ignoring exception in command None
discord.ext.commands.errors.CommandNotFound: Command "**Bear+Lewney**:" is not found
Ignoring exception in command None
discord.ext.commands.errors.CommandNotFound: Command "it's" is not found
Ignoring exception in command None
discord.ext.commands.errors.CommandNotFound: Command "rmk" is not found
Ignoring exception in command None
discord.ext.commands.errors.CommandNotFound: Command "for" is not found
Ignoring exception in command None
discord.ext.commands.errors.CommandNotFound: Command "ahhhh" is not found
Ignoring exception in command None
discord.ext.commands.errors.CommandNotFound: Command "ok" is not found
Ignoring exception in command None
discord.ext.commands.errors.CommandNotFound: Command "trying" is not found
Ignoring exception in command None
discord.ext.commands.errors.CommandNotFound: Command "rrmk" is not found
Ignoring exception in command None
discord.ext.commands.errors.CommandNotFound: Command "**Bear+Lewney**:" is not found
Ignoring exception in command None
discord.ext.commands.errors.CommandNotFound: Command "seems" is not found
Ignoring exception in command None
discord.ext.commands.errors.CommandNotFound: Command "pro" is not found
Logged in as MemersMarkov (ID:408587496033878017) | Connected to 2 servers | Connected to 78 users
--------
Current Discord.py Version: 0.16.8 | Current Python Version: 3.6.3
--------
Use this link to invite MemersMarkov:
https://discordapp.com/oauth2/authorize?client_id=408587496033878017&scope=bot&permissions=8
--------
Support Discord Server: https://discord.gg/FNNNgqb
Github Link: https://github.com/Habchy/BasicBot
--------
You are running BasicBot v2.1
Created by Habchy#1665
Ignoring exception in command None
discord.ext.commands.errors.CommandNotFound: Command "sneaky" is not found
Ignoring exception in command None
discord.ext.commands.errors.CommandNotFound: Command "rmk" is not found
Ignoring exception in command None
discord.ext.commands.errors.CommandNotFound: Command "reee" is not found
Ignoring exception in command None
discord.ext.commands.errors.CommandNotFound: Command "rmk" is not found
Ignoring exception in command None
discord.ext.commands.errors.CommandNotFound: Command "you" is not found
Ignoring exception in command None
discord.ext.commands.errors.CommandNotFound: Command "from" is not found
Ignoring exception in command None
discord.ext.commands.errors.CommandNotFound: Command "i" is not found
Ignoring exception in command None
discord.ext.commands.errors.CommandNotFound: Command "it's" is not found
Ignoring exception in command None
discord.ext.commands.errors.CommandNotFound: Command "¯\_(ツ)_/¯" is not found
Ignoring exception in command None
discord.ext.commands.errors.CommandNotFound: Command "rmk" is not found
Ignoring exception in command None
discord.ext.commands.errors.CommandNotFound: Command "**MemersMarkov**:" is not found
Ignoring exception in command None
discord.ext.commands.errors.CommandNotFound: Command "at" is not found
Ignoring exception in command None
discord.ext.commands.errors.CommandNotFound: Command "rmk" is not found
Ignoring exception in command None
discord.ext.commands.errors.CommandNotFound: Command "**MemersMarkov**:" is not found
Ignoring exception in command None
discord.ext.commands.errors.CommandNotFound: Command "rrmk" is not found
Ignoring exception in command None
discord.ext.commands.errors.CommandNotFound: Command "**Coizioc**:" is not found
Ignoring exception in command None
discord.ext.commands.errors.CommandNotFound: Command "!mk" is not found
Ignoring exception in command None
discord.ext.commands.errors.CommandNotFound: Command "**MemersMarkov**:" is not found
Ignoring exception in command None
discord.ext.commands.errors.CommandNotFound: Command "!mk" is not found
Ignoring exception in command None
discord.ext.commands.errors.CommandNotFound: Command "**Coizioc**:" is not found
Ignoring exception in command None
discord.ext.commands.errors.CommandNotFound: Command "!rmk" is not found
Ignoring exception in command None
discord.ext.commands.errors.CommandNotFound: Command "**MemersMarkov**:" is not found
Ignoring exception in command None
discord.ext.commands.errors.CommandNotFound: Command "!mk" is not found
Ignoring exception in command None
discord.ext.commands.errors.CommandNotFound: Command "**Raxi**:" is not found
Ignoring exception in command None
discord.ext.commands.errors.CommandNotFound: Command "!rmk" is not found
Ignoring exception in command None
discord.ext.commands.errors.CommandNotFound: Command "**Raxi**:" is not found
Ignoring exception in command None
discord.ext.commands.errors.CommandNotFound: Command "rmk" is not found
Ignoring exception in command None
discord.ext.commands.errors.CommandNotFound: Command "!rmk" is not found
Ignoring exception in command None
discord.ext.commands.errors.CommandNotFound: Command "**Falco+Bear**:" is not found
Ignoring exception in command None
discord.ext.commands.errors.CommandNotFound: Command "!mk" is not found
Ignoring exception in command None
discord.ext.commands.errors.CommandNotFound: Command "**Coizioc+Raxi**:" is not found
Ignoring exception in command None
discord.ext.commands.errors.CommandNotFound: Command "!mk" is not found
Ignoring exception in command None
discord.ext.commands.errors.CommandNotFound: Command "**Memers**:" is not found
Ignoring exception in command None
discord.ext.commands.errors.CommandNotFound: Command "!mk" is not found
Ignoring exception in command None
discord.ext.commands.errors.CommandNotFound: Command "**Coizioc**:" is not found
Ignoring exception in command None
discord.ext.commands.errors.CommandNotFound: Command "!mk" is not found
Ignoring exception in command None
discord.ext.commands.errors.CommandNotFound: Command "**Raxi**:" is not found
Ignoring exception in command None
discord.ext.commands.errors.CommandNotFound: Command "<@!136806558901207040>" is not found
Ignoring exception in command None
discord.ext.commands.errors.CommandNotFound: Command "it" is not found
Ignoring exception in command None
discord.ext.commands.errors.CommandNotFound: Command "can" is not found
Ignoring exception in command None
discord.ext.commands.errors.CommandNotFound: Command "!mk" is not found
Ignoring exception in command None
discord.ext.commands.errors.CommandNotFound: Command "**MemersMarkov**:" is not found
Ignoring exception in command None
discord.ext.commands.errors.CommandNotFound: Command "o" is not found
Ignoring exception in command None
discord.ext.commands.errors.CommandNotFound: Command "it" is not found
Ignoring exception in command None
discord.ext.commands.errors.CommandNotFound: Command "@​everyone" is not found
Ignoring exception in command None
discord.ext.commands.errors.CommandNotFound: Command "@​everyone" is not found
Ignoring exception in command None
discord.ext.commands.errors.CommandNotFound: Command "!mk" is not found
Ignoring exception in command None
discord.ext.commands.errors.CommandNotFound: Command "**MemersMarkov**:" is not found
Ignoring exception in command None
discord.ext.commands.errors.CommandNotFound: Command "o" is not found
Ignoring exception in command None
discord.ext.commands.errors.CommandNotFound: Command "!mk" is not found
Ignoring exception in command None
discord.ext.commands.errors.CommandNotFound: Command "**Raxi**:" is not found
Ignoring exception in command None
discord.ext.commands.errors.CommandNotFound: Command "!mk" is not found
Ignoring exception in command None
discord.ext.commands.errors.CommandNotFound: Command "**Coizioc**:" is not found
Ignoring exception in command None
discord.ext.commands.errors.CommandNotFound: Command "!mk" is not found
Ignoring exception in command None
discord.ext.commands.errors.CommandNotFound: Command "**Lewney+Cheq**:" is not found
Ignoring exception in command None
discord.ext.commands.errors.CommandNotFound: Command "!mk" is not found
Ignoring exception in command None
discord.ext.commands.errors.CommandNotFound: Command "**MemersMarkov**:" is not found
Ignoring exception in command None
discord.ext.commands.errors.CommandNotFound: Command "!mk" is not found
Ignoring exception in command None
discord.ext.commands.errors.CommandNotFound: Command "**MemersMarkov**:" is not found
Ignoring exception in command None
discord.ext.commands.errors.CommandNotFound: Command "!mk" is not found
Ignoring exception in command None
discord.ext.commands.errors.CommandNotFound: Command "**MemersMarkov**:" is not found
Ignoring exception in command None
discord.ext.commands.errors.CommandNotFound: Command "!mk" is not found
Ignoring exception in command None
discord.ext.commands.errors.CommandNotFound: Command "**MemersMarkov**:" is not found
Ignoring exception in command None
discord.ext.commands.errors.CommandNotFound: Command "@​everyone" is not found
Ignoring exception in command None
discord.ext.commands.errors.CommandNotFound: Command "LOL" is not found
Ignoring exception in command None
discord.ext.commands.errors.CommandNotFound: Command "!gainz" is not found
Ignoring exception in command None
discord.ext.commands.errors.CommandNotFound: Command "```" is not found
Logged in as MemersMarkov (ID:408587496033878017) | Connected to 2 servers | Connected to 78 users
--------
Current Discord.py Version: 0.16.8 | Current Python Version: 3.6.3
--------
Use this link to invite MemersMarkov:
https://discordapp.com/oauth2/authorize?client_id=408587496033878017&scope=bot&permissions=8
--------
Support Discord Server: https://discord.gg/FNNNgqb
Github Link: https://github.com/Habchy/BasicBot
--------
You are running BasicBot v2.1
Created by Habchy#1665
Ignoring exception in command None
discord.ext.commands.errors.CommandNotFound: Command "reee" is not found
Ignoring exception in command None
discord.ext.commands.errors.CommandNotFound: Command "also" is not found
Ignoring exception in command None
discord.ext.commands.errors.CommandNotFound: Command "i" is not found
Ignoring exception in command None
discord.ext.commands.errors.CommandNotFound: Command "You" is not found
Ignoring exception in command None
discord.ext.commands.errors.CommandNotFound: Command "Just" is not found
Ignoring exception in command None
discord.ext.commands.errors.CommandNotFound: Command "https://github.com/coizioc/RSMarkov/blob/master/ServerParcer.py" is not found
Ignoring exception in command None
discord.ext.commands.errors.CommandNotFound: Command "you'll" is not found
Ignoring exception in command None
discord.ext.commands.errors.CommandNotFound: Command "i'll" is not found
Ignoring exception in command None
discord.ext.commands.errors.CommandNotFound: Command "JAYSOOOOON" is not found
Ignoring exception in command None
discord.ext.commands.errors.CommandNotFound: Command "i" is not found
Ignoring exception in command None
discord.ext.commands.errors.CommandNotFound: Command "same" is not found
Ignoring exception in command None
discord.ext.commands.errors.CommandNotFound: Command "works" is not found
Ignoring exception in command None
discord.ext.commands.errors.CommandNotFound: Command "okay" is not found
Ignoring exception in command None
discord.ext.commands.errors.CommandNotFound: Command "make" is not found
Ignoring exception in command None
discord.ext.commands.errors.CommandNotFound: Command "and" is not found
Logged in as MemersMarkov (ID:408587496033878017) | Connected to 2 servers | Connected to 78 users
--------
Current Discord.py Version: 0.16.8 | Current Python Version: 3.6.3
--------
Use this link to invite MemersMarkov:
https://discordapp.com/oauth2/authorize?client_id=408587496033878017&scope=bot&permissions=8
--------
Support Discord Server: https://discord.gg/FNNNgqb
Github Link: https://github.com/Habchy/BasicBot
--------
You are running BasicBot v2.1
Created by Habchy#1665
Ignoring exception in command None
discord.ext.commands.errors.CommandNotFound: Command "~vis" is not found
Ignoring exception in command None
discord.ext.commands.errors.CommandNotFound: Command "**First" is not found
Ignoring exception in command None
discord.ext.commands.errors.CommandNotFound: Command "How" is not found
Ignoring exception in command None
discord.ext.commands.errors.CommandNotFound: Command "<:monkaS:340507234385788928>" is not found
Logged in as MemersMarkov (ID:408587496033878017) | Connected to 2 servers | Connected to 78 users
--------
Current Discord.py Version: 0.16.8 | Current Python Version: 3.6.3
--------
Use this link to invite MemersMarkov:
https://discordapp.com/oauth2/authorize?client_id=408587496033878017&scope=bot&permissions=8
--------
Support Discord Server: https://discord.gg/FNNNgqb
Github Link: https://github.com/Habchy/BasicBot
--------
You are running BasicBot v2.1
Created by Habchy#1665
Ignoring exception in command None
discord.ext.commands.errors.CommandNotFound: Command "o" is not found
Ignoring exception in command None
discord.ext.commands.errors.CommandNotFound: Command "i" is not found
Ignoring exception in command None
discord.ext.commands.errors.CommandNotFound: Command "otherwise" is not found
Ignoring exception in command None
discord.ext.commands.errors.CommandNotFound: Command "Just" is not found
Ignoring exception in command None
discord.ext.commands.errors.CommandNotFound: Command "o" is not found
Ignoring exception in command None
discord.ext.commands.errors.CommandNotFound: Command "nvm" is not found
Ignoring exception in command None
discord.ext.commands.errors.CommandNotFound: Command "are" is not found
Ignoring exception in command None
discord.ext.commands.errors.CommandNotFound: Command "I'm" is not found
Ignoring exception in command None
discord.ext.commands.errors.CommandNotFound: Command "oh" is not found
Ignoring exception in command None
discord.ext.commands.errors.CommandNotFound: Command "disregard" is not found
Ignoring exception in command None
discord.ext.commands.errors.CommandNotFound: Command "also" is not found
Ignoring exception in command None
discord.ext.commands.errors.CommandNotFound: Command "Gotcha." is not found
Ignoring exception in command None
discord.ext.commands.errors.CommandNotFound: Command "pull" is not found
Ignoring exception in command None
discord.ext.commands.errors.CommandNotFound: Command "Okay" is not found
Ignoring exception in command None
discord.ext.commands.errors.CommandNotFound: Command "then" is not found
Ignoring exception in command None
discord.ext.commands.errors.CommandNotFound: Command "i" is not found
Ignoring exception in command None
discord.ext.commands.errors.CommandNotFound: Command "you'll" is not found
Ignoring exception in command None
discord.ext.commands.errors.CommandNotFound: Command "couldn't" is not found
Ignoring exception in command None
discord.ext.commands.errors.CommandNotFound: Command "underscore" is not found
Ignoring exception in command None
discord.ext.commands.errors.CommandNotFound: Command "Yep" is not found
Ignoring exception in command None
discord.ext.commands.errors.CommandNotFound: Command "i" is not found
Ignoring exception in command None
discord.ext.commands.errors.CommandNotFound: Command "coiz" is not found
Ignoring exception in command None
discord.ext.commands.errors.CommandNotFound: Command "instead" is not found
Ignoring exception in command None
discord.ext.commands.errors.CommandNotFound: Command "you" is not found
Ignoring exception in command None
discord.ext.commands.errors.CommandNotFound: Command "f"Error:" is not found
Ignoring exception in command None
discord.ext.commands.errors.CommandNotFound: Command "o" is not found
Ignoring exception in command None
discord.ext.commands.errors.CommandNotFound: Command "that's" is not found
Ignoring exception in command None
discord.ext.commands.errors.CommandNotFound: Command "alright" is not found
Ignoring exception in command None
discord.ext.commands.errors.CommandNotFound: Command "before" is not found
Ignoring exception in command None
discord.ext.commands.errors.CommandNotFound: Command ":crystal_ball:" is not found
Ignoring exception in command None
discord.ext.commands.errors.CommandNotFound: Command "cx" is not found
Logged in as MemersMarkov (ID:408587496033878017) | Connected to 2 servers | Connected to 78 users
--------
Current Discord.py Version: 0.16.8 | Current Python Version: 3.6.3
--------
Use this link to invite MemersMarkov:
https://discordapp.com/oauth2/authorize?client_id=408587496033878017&scope=bot&permissions=8
--------
Support Discord Server: https://discord.gg/FNNNgqb
Github Link: https://github.com/Habchy/BasicBot
--------
You are running BasicBot v2.1
Created by Habchy#1665
Ignoring exception in command None
discord.ext.commands.errors.CommandNotFound: Command "yeah" is not found
Ignoring exception in command None
discord.ext.commands.errors.CommandNotFound: Command "np" is not found
Ignoring exception in command None
discord.ext.commands.errors.CommandNotFound: Command "would" is not found
Ignoring exception in command None
discord.ext.commands.errors.CommandNotFound: Command "can" is not found
Ignoring exception in command None
discord.ext.commands.errors.CommandNotFound: Command "google" is not found
Ignoring exception in command None
discord.ext.commands.errors.CommandNotFound: Command "ye" is not found
Ignoring exception in command None
discord.ext.commands.errors.CommandNotFound: Command "tar.gz" is not found
